<?xml version="1.0" encoding="UTF-8"?>
<!-- Generated by org.testng.reporters.JUnitReportReporter -->
<testsuite skipped="0" hostname="PF0UVLM0" name="com.portal.ecps.ca.Testing" tests="15" failures="0" timestamp="21 Jan 2020 00:11:09 GMT" time="402.845" errors="0">
  <testcase name="Marketingtab" time="86.050" classname="com.portal.ecps.ca.Testing"/>
  <testcase name="Marketingtab" time="59.482" classname="com.portal.ecps.ca.Testing"/>
  <testcase name="Marketingtab" time="61.059" classname="com.portal.ecps.ca.Testing"/>
  <testcase name="testingexercise" time="29.120" classname="com.portal.ecps.ca.Testing"/>
  <testcase name="testingexercise" time="26.603" classname="com.portal.ecps.ca.Testing"/>
  <testcase name="testingexercise" time="31.918" classname="com.portal.ecps.ca.Testing"/>
  <testcase name="menubuildertab" time="22.215" classname="com.portal.ecps.ca.Testing"/>
  <testcase name="menubuildertab" time="22.934" classname="com.portal.ecps.ca.Testing"/>
  <testcase name="menubuildertab" time="18.652" classname="com.portal.ecps.ca.Testing"/>
  <testcase name="Themedaystab" time="7.837" classname="com.portal.ecps.ca.Testing"/>
  <testcase name="Themedaystab" time="1.974" classname="com.portal.ecps.ca.Testing"/>
  <testcase name="Themedaystab" time="2.130" classname="com.portal.ecps.ca.Testing"/>
  <testcase name="Educationtab" time="10.568" classname="com.portal.ecps.ca.Testing"/>
  <testcase name="Educationtab" time="11.735" classname="com.portal.ecps.ca.Testing"/>
  <testcase name="Educationtab" time="10.568" classname="com.portal.ecps.ca.Testing"/>
</testsuite> <!-- com.portal.ecps.ca.Testing -->
